<?xml version="1.0" encoding="UTF-8"?>
<!-- Generated by org.testng.reporters.JUnitXMLReporter -->
<testsuite hostname="HPDB0003" name="Default test" tests="13" failures="0" timestamp="22 Jun 2018 12:47:26 GMT" time="19.676" errors="0">
  <testcase name="basicCourseOnClickOperation" time="0.318" classname="TATOC_Test.NewTest"/>
  <testcase name="errorPageOnClickingGreenGrid" time="0.274" classname="TATOC_Test.NewTest"/>
  <testcase name="framePageOnClickingRedGrid" time="0.379" classname="TATOC_Test.NewTest"/>
  <testcase name="proceedIfBothBoxAreOfDifferentColour" time="0.613" classname="TATOC_Test.NewTest"/>
  <testcase name="proceedIfBothBoxAreOfSameColour" time="6.152" classname="TATOC_Test.NewTest"/>
  <testcase name="proceedIfNotDragedDragMe" time="0.273" classname="TATOC_Test.NewTest"/>
  <testcase name="proceedIfDragedDragMe" time="0.424" classname="TATOC_Test.NewTest"/>
  <testcase name="proceedingWithoutLaunchingPopUpWindow" time="0.226" classname="TATOC_Test.NewTest"/>
  <testcase name="proceedingWithLaunchingPopUpWindowButWithBlankText" time="1.736" classname="TATOC_Test.NewTest"/>
  <testcase name="proceedingWithLaunchingPopUpWindowButWithoutBlankText" time="1.875" classname="TATOC_Test.NewTest"/>
  <testcase name="proceedWithoutGeneratingToken" time="0.229" classname="TATOC_Test.NewTest"/>
  <testcase name="proceedWithGeneratingTokenButWithoutCreatingCookie" time="0.132" classname="TATOC_Test.NewTest"/>
  <testcase name="proceedWithGeneratingTokenAfterCreatingCookie" time="0.319" classname="TATOC_Test.NewTest"/>
</testsuite> <!-- Default test -->
