<?xml version="1.0" encoding="UTF-8"?>
<!-- Generated by org.testng.reporters.JUnitXMLReporter -->
<testsuite hostname="HPDB0003" name="Default test" tests="3" failures="0" timestamp="21 Jun 2018 12:32:12 GMT" time="44.117" errors="0">
  <testcase name="TC_1_proceedWithoutGeneratingToken" time="0.349" classname="TATOC_Test.TestCookieHandling"/>
  <testcase name="TC_2_proceedWithGeneratingTokenButWithoutCreatingCookie" time="0.607" classname="TATOC_Test.TestCookieHandling"/>
  <testcase name="TC_3_proceedWithGeneratingTokenWithCreatingCookie" time="0.626" classname="TATOC_Test.TestCookieHandling"/>
</testsuite> <!-- Default test -->
